<?xml version="1.0" encoding="UTF-8"?>
<!-- Generated by org.testng.reporters.JUnitReportReporter -->
<testsuite hostname="ITSAFOS" failures="0" tests="1" name="UI_TestingTest" time="23.047" errors="0" timestamp="2022-03-01T11:17:57 EET" skipped="0">
  <testcase classname="UI_TestingTest" name="mainTest" time="23.047"/>
  <system-out/>
</testsuite> <!-- UI_TestingTest -->
