<?xml version="1.0" encoding="UTF-8"?>
<!-- Generated by org.testng.reporters.JUnitReportReporter -->
<testsuite hostname="ITSAFOS" failures="0" tests="1" name="API_TestingTest" time="2.082" errors="0" timestamp="2022-03-01T19:42:02 EET" skipped="0">
  <testcase classname="API_TestingTest" name="validateOrderCodeLength" time="2.082"/>
  <system-out/>
</testsuite> <!-- API_TestingTest -->
